<?xml version="1.0" encoding="UTF-8"?>
<!-- Generated by org.testng.reporters.JUnitReportReporter -->
<testsuite hostname="ICPL-TEST01" name="test.RestTEst" tests="2" failures="0" timestamp="7 May 2019 06:42:28 GMT" time="2.422" errors="0">
  <testcase name="getDemo" time="1.483" classname="test.RestTEst"/>
  <testcase name="postDemo" time="0.939" classname="test.RestTEst"/>
</testsuite>
